<?xml version="1.0" encoding="UTF-8"?>
<!-- Generated by org.testng.reporters.JUnitXMLReporter -->
<testsuite ignored="4" hostname="LAPTOP-KPJMC264" failures="0" tests="2" name="LeadsPageEditFormTest" time="77.741" errors="0" timestamp="14 Sep 2021 16:57:44 GMT">
  <testcase classname="com.qa.hs.tests.LoginTest" name="loginTest" time="11.307"/>
  <testcase classname="com.qa.hs.tests.LeadsModuleEditFormTest" name="leadsTest" time="65.112"/>
  <testcase classname="com.qa.hs.tests.BaseClass" name="@BeforeTest start" time="0.0">
    <ignored/>
  </testcase> <!-- @BeforeTest start -->
  <testcase classname="com.qa.hs.tests.BaseClass" name="@BeforeSuite first" time="0.0">
    <ignored/>
  </testcase> <!-- @BeforeSuite first -->
  <testcase classname="com.qa.hs.tests.BaseClass" name="@AfterTest end" time="0.0">
    <ignored/>
  </testcase> <!-- @AfterTest end -->
  <testcase classname="com.qa.hs.tests.BaseClass" name="@AfterSuite quit" time="0.0">
    <ignored/>
  </testcase> <!-- @AfterSuite quit -->
</testsuite> <!-- LeadsPageEditFormTest -->
