<?xml version="1.0" encoding="UTF-8"?>
<!-- Generated by org.testng.reporters.JUnitXMLReporter -->
<testsuite ignored="4" failures="1" tests="2" name="SalesModuleAllocatUnitTest" time="117.368" errors="0" timestamp="07 Sep 2021 14:43:23 GMT">
  <testcase classname="com.qa.hs.tests.BaseClass" name="@AfterTest end" time="0.008">
    <failure type="org.openqa.selenium.NoSuchWindowException" message="no such window: target window already closed
from unknown error: web view not found
  (Session info: chrome=91.0.4472.77)
Build info: version: &amp;apos;3.141.59&amp;apos;, revision: &amp;apos;e82be7d358&amp;apos;, time: &amp;apos;2018-11-14T08:17:03&amp;apos;
System info: host: &amp;apos;Unknown&amp;apos;, ip: &amp;apos;Unknown&amp;apos;, os.name: &amp;apos;Linux&amp;apos;, os.arch: &amp;apos;amd64&amp;apos;, os.version: &amp;apos;4.6.4-040604-generic&amp;apos;, java.version: &amp;apos;14.0.2&amp;apos;
Driver info: org.openqa.selenium.chrome.ChromeDriver
Capabilities {acceptInsecureCerts: false, browserName: chrome, browserVersion: 91.0.4472.77, chrome: {chromedriverVersion: 91.0.4472.101 (af52a90bf870..., userDataDir: /tmp/.com.google.Chrome.MSva5B}, goog:chromeOptions: {debuggerAddress: localhost:41109}, javascriptEnabled: true, networkConnectionEnabled: false, pageLoadStrategy: normal, platform: LINUX, platformName: LINUX, proxy: Proxy(), setWindowRect: true, strictFileInteractability: false, timeouts: {implicit: 0, pageLoad: 300000, script: 30000}, unhandledPromptBehavior: dismiss and notify, webauthn:extension:largeBlob: true, webauthn:virtualAuthenticators: true}
Session ID: 74f5556edc1d335a5a5ec385df913de0">
      <![CDATA[org.openqa.selenium.NoSuchWindowException: no such window: target window already closed
from unknown error: web view not found
  (Session info: chrome=91.0.4472.77)
Build info: version: '3.141.59', revision: 'e82be7d358', time: '2018-11-14T08:17:03'
System info: host: 'Unknown', ip: 'Unknown', os.name: 'Linux', os.arch: 'amd64', os.version: '4.6.4-040604-generic', java.version: '14.0.2'
Driver info: org.openqa.selenium.chrome.ChromeDriver
Capabilities {acceptInsecureCerts: false, browserName: chrome, browserVersion: 91.0.4472.77, chrome: {chromedriverVersion: 91.0.4472.101 (af52a90bf870..., userDataDir: /tmp/.com.google.Chrome.MSva5B}, goog:chromeOptions: {debuggerAddress: localhost:41109}, javascriptEnabled: true, networkConnectionEnabled: false, pageLoadStrategy: normal, platform: LINUX, platformName: LINUX, proxy: Proxy(), setWindowRect: true, strictFileInteractability: false, timeouts: {implicit: 0, pageLoad: 300000, script: 30000}, unhandledPromptBehavior: dismiss and notify, webauthn:extension:largeBlob: true, webauthn:virtualAuthenticators: true}
Session ID: 74f5556edc1d335a5a5ec385df913de0
at org.openqa.selenium.remote.http.W3CHttpResponseCodec.createException(W3CHttpResponseCodec.java:187)
at org.openqa.selenium.remote.http.W3CHttpResponseCodec.decode(W3CHttpResponseCodec.java:122)
at org.openqa.selenium.remote.http.W3CHttpResponseCodec.decode(W3CHttpResponseCodec.java:49)
at org.openqa.selenium.remote.HttpCommandExecutor.execute(HttpCommandExecutor.java:158)
at org.openqa.selenium.remote.service.DriverCommandExecutor.execute(DriverCommandExecutor.java:83)
at org.openqa.selenium.remote.RemoteWebDriver.execute(RemoteWebDriver.java:552)
at org.openqa.selenium.remote.RemoteWebDriver.execute(RemoteWebDriver.java:609)
at org.openqa.selenium.remote.RemoteWebDriver$RemoteWebDriverOptions.deleteAllCookies(RemoteWebDriver.java:694)
at com.qa.hs.tests.BaseClass.end(BaseClass.java:54)
... Removed 28 stack frames]]>
    </failure>
  </testcase> <!-- @AfterTest end -->
  <testcase classname="com.qa.hs.tests.LoginTest" name="loginTest" time="24.795"/>
  <testcase classname="com.qa.hs.tests.SalesModuleAllocatUnitTest" name="salesModuleAllocatUnitTest" time="90.367">
    <failure type="org.openqa.selenium.TimeoutException" message="Expected condition failed: waiting for visibility of element located by By.xpath: //img[@class=&amp;quot;img-responsive ng-scope ng-isolate-scope&amp;quot;] (tried for 90 second(s) with 500 milliseconds interval)">
      <![CDATA[org.openqa.selenium.TimeoutException: Expected condition failed: waiting for visibility of element located by By.xpath: //img[@class="img-responsive ng-scope ng-isolate-scope"] (tried for 90 second(s) with 500 milliseconds interval)
at org.openqa.selenium.support.ui.WebDriverWait.timeoutException(WebDriverWait.java:95)
at org.openqa.selenium.support.ui.FluentWait.until(FluentWait.java:272)
at com.qa.hs.keyword.engine.KeyWordEngine.startExecution(KeyWordEngine.java:170)
at com.qa.hs.tests.SalesModuleAllocatUnitTest.salesModuleAllocatUnitTest(SalesModuleAllocatUnitTest.java:12)
Caused by: org.openqa.selenium.NoSuchWindowException: no such window: target window already closed
from unknown error: web view not found
  (Session info: chrome=91.0.4472.77)
Build info: version: '3.141.59', revision: 'e82be7d358', time: '2018-11-14T08:17:03'
System info: host: 'Unknown', ip: 'Unknown', os.name: 'Linux', os.arch: 'amd64', os.version: '4.6.4-040604-generic', java.version: '14.0.2'
Driver info: org.openqa.selenium.chrome.ChromeDriver
Capabilities {acceptInsecureCerts: false, browserName: chrome, browserVersion: 91.0.4472.77, chrome: {chromedriverVersion: 91.0.4472.101 (af52a90bf870..., userDataDir: /tmp/.com.google.Chrome.MSva5B}, goog:chromeOptions: {debuggerAddress: localhost:41109}, javascriptEnabled: true, networkConnectionEnabled: false, pageLoadStrategy: normal, platform: LINUX, platformName: LINUX, proxy: Proxy(), setWindowRect: true, strictFileInteractability: false, timeouts: {implicit: 0, pageLoad: 300000, script: 30000}, unhandledPromptBehavior: dismiss and notify, webauthn:extension:largeBlob: true, webauthn:virtualAuthenticators: true}
Session ID: 74f5556edc1d335a5a5ec385df913de0
*** Element info: {Using=xpath, value=//img[@class="img-responsive ng-scope ng-isolate-scope"]}
at org.openqa.selenium.remote.http.W3CHttpResponseCodec.createException(W3CHttpResponseCodec.java:187)
at org.openqa.selenium.remote.http.W3CHttpResponseCodec.decode(W3CHttpResponseCodec.java:122)
at org.openqa.selenium.remote.http.W3CHttpResponseCodec.decode(W3CHttpResponseCodec.java:49)
at org.openqa.selenium.remote.HttpCommandExecutor.execute(HttpCommandExecutor.java:158)
at org.openqa.selenium.remote.service.DriverCommandExecutor.execute(DriverCommandExecutor.java:83)
at org.openqa.selenium.remote.RemoteWebDriver.execute(RemoteWebDriver.java:552)
at org.openqa.selenium.remote.RemoteWebDriver.findElement(RemoteWebDriver.java:323)
at org.openqa.selenium.remote.RemoteWebDriver.findElementByXPath(RemoteWebDriver.java:428)
at org.openqa.selenium.By$ByXPath.findElement(By.java:353)
at org.openqa.selenium.remote.RemoteWebDriver.findElement(RemoteWebDriver.java:315)
at org.openqa.selenium.support.ui.ExpectedConditions$7.apply(ExpectedConditions.java:205)
at org.openqa.selenium.support.ui.ExpectedConditions$7.apply(ExpectedConditions.java:201)
at org.openqa.selenium.support.ui.FluentWait.until(FluentWait.java:249)
... 27 more
... Removed 29 stack frames]]>
    </failure>
  </testcase> <!-- salesModuleAllocatUnitTest -->
  <testcase classname="com.qa.hs.tests.BaseClass" name="@BeforeTest start" time="0.0">
    <ignored/>
  </testcase> <!-- @BeforeTest start -->
  <testcase classname="com.qa.hs.tests.BaseClass" name="@BeforeSuite first" time="0.0">
    <ignored/>
  </testcase> <!-- @BeforeSuite first -->
  <testcase classname="com.qa.hs.tests.BaseClass" name="@AfterTest end" time="0.0">
    <ignored/>
  </testcase> <!-- @AfterTest end -->
  <testcase classname="com.qa.hs.tests.BaseClass" name="@AfterSuite quit" time="0.0">
    <ignored/>
  </testcase> <!-- @AfterSuite quit -->
</testsuite> <!-- SalesModuleAllocatUnitTest -->
