<?xml version="1.0" encoding="UTF-8"?>
<!-- Generated by org.testng.reporters.JUnitXMLReporter -->
<testsuite ignored="4" hostname="LAPTOP-KPJMC264" failures="0" tests="2" name="SalesModuleAllocatUnitIndividualRealtorTest" time="56.222" errors="0" timestamp="14 Sep 2021 16:52:12 GMT">
  <testcase classname="com.qa.hs.tests.LoginTest" name="loginTest" time="9.943"/>
  <testcase classname="com.qa.hs.tests.SalesModuleAllocatUnitIndividualRealtorTest" name="salesModuleAllocatUnitTest" time="45.217"/>
  <testcase classname="com.qa.hs.tests.BaseClass" name="@BeforeTest start" time="0.0">
    <ignored/>
  </testcase> <!-- @BeforeTest start -->
  <testcase classname="com.qa.hs.tests.BaseClass" name="@BeforeSuite first" time="0.0">
    <ignored/>
  </testcase> <!-- @BeforeSuite first -->
  <testcase classname="com.qa.hs.tests.BaseClass" name="@AfterTest end" time="0.0">
    <ignored/>
  </testcase> <!-- @AfterTest end -->
  <testcase classname="com.qa.hs.tests.BaseClass" name="@AfterSuite quit" time="0.0">
    <ignored/>
  </testcase> <!-- @AfterSuite quit -->
</testsuite> <!-- SalesModuleAllocatUnitIndividualRealtorTest -->
