<?xml version="1.0" encoding="UTF-8"?>
<!-- Generated by org.testng.reporters.JUnitXMLReporter -->
<testsuite ignored="0" failures="1" tests="2" name="SalesModuleAllocatUnitTest" time="60.34" errors="0" timestamp="30 Aug 2021 11:06:55 GMT">
  <testcase classname="com.qa.hs.tests.LoginTest" name="loginTest" time="22.74"/>
  <testcase classname="com.qa.hs.tests.SalesModuleAllocatUnitTest" name="salesModuleAllocatUnitTest" time="33.316">
    <failure type="java.lang.NumberFormatException" message="For input string: &amp;quot;w&amp;quot;">
      <![CDATA[java.lang.NumberFormatException: For input string: "w"
at java.base/jdk.internal.math.FloatingDecimal.readJavaFormatString(FloatingDecimal.java:2054)
at java.base/jdk.internal.math.FloatingDecimal.parseFloat(FloatingDecimal.java:122)
at java.base/java.lang.Float.parseFloat(Float.java:461)
at com.qa.hs.keyword.engine.KeyWordEngine.startExecution(KeyWordEngine.java:125)
at com.qa.hs.tests.SalesModuleAllocatUnitTest.salesModuleAllocatUnitTest(SalesModuleAllocatUnitTest.java:9)
... Removed 25 stack frames]]>
    </failure>
  </testcase> <!-- salesModuleAllocatUnitTest -->
</testsuite> <!-- SalesModuleAllocatUnitTest -->
