<?xml version="1.0" encoding="UTF-8"?>
<!-- Generated by org.testng.reporters.JUnitXMLReporter -->
<testsuite ignored="0" hostname="LAPTOP-KPJMC264" failures="1" tests="2" name="SalesModuleAllocatUnitTest" time="15.93" errors="0" timestamp="30 Aug 2021 16:53:25 GMT">
  <testcase classname="com.qa.hs.tests.LoginTest" name="loginTest" time="14.576"/>
  <testcase classname="com.qa.hs.tests.SalesModuleAllocatUnitTest" name="salesModuleAllocatUnitTest" time="0.066">
    <failure type="java.lang.NullPointerException" message="Cannot invoke &amp;quot;org.apache.poi.ss.usermodel.Sheet.getLastRowNum()&amp;quot; because &amp;quot;com.qa.hs.keyword.engine.KeyWordEngine.sheet&amp;quot; is null">
      <![CDATA[java.lang.NullPointerException: Cannot invoke "org.apache.poi.ss.usermodel.Sheet.getLastRowNum()" because "com.qa.hs.keyword.engine.KeyWordEngine.sheet" is null
at com.qa.hs.keyword.engine.KeyWordEngine.startExecution(KeyWordEngine.java:73)
at com.qa.hs.tests.SalesModuleAllocatUnitTest.salesModuleAllocatUnitTest(SalesModuleAllocatUnitTest.java:9)
... Removed 25 stack frames]]>
    </failure>
  </testcase> <!-- salesModuleAllocatUnitTest -->
</testsuite> <!-- SalesModuleAllocatUnitTest -->
