<?xml version="1.0" encoding="UTF-8"?>
<!-- Generated by org.testng.reporters.JUnitXMLReporter -->
<testsuite ignored="4" failures="0" tests="2" name="SalesModuleAllocatUnitTest" time="0.014" errors="0" timestamp="02 Sep 2021 11:35:21 GMT">
  <testcase classname="com.qa.hs.tests.BaseClass" name="@BeforeTest start" time="0.001">
    <failure type="java.lang.IllegalStateException" message="The driver is not executable: /home/naveen/git/AvesdoAutomation/chromedriver">
      <![CDATA[java.lang.IllegalStateException: The driver is not executable: /home/naveen/git/AvesdoAutomation/chromedriver
at com.google.common.base.Preconditions.checkState(Preconditions.java:585)
at org.openqa.selenium.remote.service.DriverService.checkExecutable(DriverService.java:150)
at org.openqa.selenium.remote.service.DriverService.findExecutable(DriverService.java:141)
at org.openqa.selenium.chrome.ChromeDriverService.access$000(ChromeDriverService.java:35)
at org.openqa.selenium.chrome.ChromeDriverService$Builder.findDefaultExecutable(ChromeDriverService.java:159)
at org.openqa.selenium.remote.service.DriverService$Builder.build(DriverService.java:355)
at org.openqa.selenium.chrome.ChromeDriverService.createDefaultService(ChromeDriverService.java:94)
at org.openqa.selenium.chrome.ChromeDriver.<init>(ChromeDriver.java:123)
at com.qa.hs.keyword.base.Base.init_driver(Base.java:43)
at com.qa.hs.tests.BaseClass.start(BaseClass.java:44)
... Removed 24 stack frames]]>
    </failure>
  </testcase> <!-- @BeforeTest start -->
  <testcase classname="com.qa.hs.tests.BaseClass" name="@AfterTest end" time="0.0">
    <skipped/>
  </testcase> <!-- @AfterTest end -->
  <testcase classname="com.qa.hs.tests.LoginTest" name="loginTest" time="0.0">
    <skipped/>
  </testcase> <!-- loginTest -->
  <testcase classname="com.qa.hs.tests.SalesModuleAllocatUnitTest" name="salesModuleAllocatUnitTest" time="0.0">
    <skipped/>
  </testcase> <!-- salesModuleAllocatUnitTest -->
  <testcase classname="com.qa.hs.tests.BaseClass" name="@BeforeTest start" time="0.0">
    <ignored/>
  </testcase> <!-- @BeforeTest start -->
  <testcase classname="com.qa.hs.tests.BaseClass" name="@BeforeSuite first" time="0.0">
    <ignored/>
  </testcase> <!-- @BeforeSuite first -->
  <testcase classname="com.qa.hs.tests.BaseClass" name="@AfterTest end" time="0.0">
    <ignored/>
  </testcase> <!-- @AfterTest end -->
  <testcase classname="com.qa.hs.tests.BaseClass" name="@AfterSuite quit" time="0.0">
    <ignored/>
  </testcase> <!-- @AfterSuite quit -->
</testsuite> <!-- SalesModuleAllocatUnitTest -->
