<?xml version="1.0" encoding="UTF-8"?>
<!-- Generated by org.testng.reporters.JUnitXMLReporter -->
<testsuite ignored="4" failures="0" tests="2" name="SalesModuleAllocatUnitGroupRealtorsTest" time="80.809" errors="0" timestamp="16 Sep 2021 07:30:31 GMT">
  <testcase classname="com.qa.hs.tests.LoginTest" name="loginTest" time="21.007"/>
  <testcase classname="com.qa.hs.tests.SalesModuleAllocatUnitGroupRealtorsTest" name="salesModuleAllocatUnitTest" time="55.484"/>
  <testcase classname="com.qa.hs.tests.BaseClass" name="@BeforeTest start" time="0.0">
    <ignored/>
  </testcase> <!-- @BeforeTest start -->
  <testcase classname="com.qa.hs.tests.BaseClass" name="@BeforeSuite first" time="0.0">
    <ignored/>
  </testcase> <!-- @BeforeSuite first -->
  <testcase classname="com.qa.hs.tests.BaseClass" name="@AfterTest end" time="0.0">
    <ignored/>
  </testcase> <!-- @AfterTest end -->
  <testcase classname="com.qa.hs.tests.BaseClass" name="@AfterSuite quit" time="0.0">
    <ignored/>
  </testcase> <!-- @AfterSuite quit -->
</testsuite> <!-- SalesModuleAllocatUnitGroupRealtorsTest -->
