<?xml version="1.0" encoding="UTF-8"?>
<testng-results ignored="0" total="2" passed="2" failed="0" skipped="0">
  <reporter-output>
  </reporter-output>
  <suite started-at="2021-08-27T06:22:24Z" name="TestSuite1" finished-at="2021-08-27T06:24:29Z" duration-ms="124912">
    <groups>
    </groups>
    <test started-at="2021-08-27T06:22:24Z" name="LeadsPageEditFormTest" finished-at="2021-08-27T06:24:29Z" duration-ms="124912">
      <class name="com.qa.hs.tests.LeadsModuleEditFormTest">
        <test-method is-config="true" signature="start()[pri:0, instance:com.qa.hs.tests.LeadsModuleEditFormTest@27d5a580]" started-at="2021-08-27T06:22:24Z" name="start" finished-at="2021-08-27T06:22:32Z" duration-ms="7417" status="PASS">
          <reporter-output>
          </reporter-output>
        </test-method> <!-- start -->
        <test-method signature="loginTest()[pri:0, instance:com.qa.hs.tests.LeadsModuleEditFormTest@27d5a580]" started-at="2021-08-27T06:22:32Z" name="loginTest" finished-at="2021-08-27T06:23:06Z" duration-ms="34263" status="PASS">
          <reporter-output>
          </reporter-output>
        </test-method> <!-- loginTest -->
        <test-method signature="leadsTest()[pri:1, instance:com.qa.hs.tests.LeadsModuleEditFormTest@27d5a580]" started-at="2021-08-27T06:23:06Z" name="leadsTest" finished-at="2021-08-27T06:24:29Z" duration-ms="82476" status="PASS">
          <reporter-output>
          </reporter-output>
        </test-method> <!-- leadsTest -->
        <test-method is-config="true" signature="end()[pri:0, instance:com.qa.hs.tests.LeadsModuleEditFormTest@27d5a580]" started-at="2021-08-27T06:24:29Z" name="end" finished-at="2021-08-27T06:24:29Z" duration-ms="653" status="PASS">
          <reporter-output>
          </reporter-output>
        </test-method> <!-- end -->
        <test-method is-config="true" signature="quit()[pri:0, instance:com.qa.hs.tests.LeadsModuleEditFormTest@27d5a580]" started-at="2021-08-27T06:24:30Z" name="quit" finished-at="2021-08-27T06:24:31Z" duration-ms="1175" status="PASS">
          <reporter-output>
          </reporter-output>
        </test-method> <!-- quit -->
      </class> <!-- com.qa.hs.tests.LeadsModuleEditFormTest -->
    </test> <!-- LeadsPageEditFormTest -->
  </suite> <!-- TestSuite1 -->
</testng-results>
