<?xml version="1.0" encoding="UTF-8"?>
<testng-results ignored="4" total="6" passed="2" failed="0" skipped="0">
  <reporter-output>
  </reporter-output>
  <suite started-at="2021-09-26T13:19:39Z" name="TestSuite1" finished-at="2021-09-26T13:20:57Z" duration-ms="78637">
    <groups>
    </groups>
    <test started-at="2021-09-26T13:19:39Z" name="ContractsNotSignedTest" finished-at="2021-09-26T13:20:57Z" duration-ms="78637">
      <class name="com.qa.hs.tests.ContractsNotSignedTest">
        <test-method signature="contractsNotSignedTest()[pri:1, instance:com.qa.hs.tests.ContractsNotSignedTest@6127a7e]" started-at="2021-09-26T13:20:11Z" name="contractsNotSignedTest" finished-at="2021-09-26T13:20:56Z" duration-ms="45392" status="PASS">
          <reporter-output>
          </reporter-output>
        </test-method> <!-- contractsNotSignedTest -->
      </class> <!-- com.qa.hs.tests.ContractsNotSignedTest -->
      <class name="com.qa.hs.tests.LoginTest">
        <test-method is-config="true" signature="first()[pri:0, instance:com.qa.hs.tests.LoginTest@75f95314]" started-at="2021-09-26T13:19:39Z" name="first" finished-at="2021-09-26T13:19:39Z" duration-ms="33" status="PASS">
          <reporter-output>
          </reporter-output>
        </test-method> <!-- first -->
        <test-method is-config="true" signature="start()[pri:0, instance:com.qa.hs.tests.LoginTest@75f95314]" started-at="2021-09-26T13:19:39Z" name="start" finished-at="2021-09-26T13:19:47Z" duration-ms="8294" status="PASS">
          <reporter-output>
          </reporter-output>
        </test-method> <!-- start -->
        <test-method signature="loginTest()[pri:0, instance:com.qa.hs.tests.LoginTest@75f95314]" started-at="2021-09-26T13:19:47Z" name="loginTest" finished-at="2021-09-26T13:20:11Z" duration-ms="23786" status="PASS">
          <reporter-output>
          </reporter-output>
        </test-method> <!-- loginTest -->
        <test-method is-config="true" signature="end()[pri:0, instance:com.qa.hs.tests.LoginTest@75f95314]" started-at="2021-09-26T13:20:56Z" name="end" finished-at="2021-09-26T13:20:57Z" duration-ms="1126" status="PASS">
          <reporter-output>
          </reporter-output>
        </test-method> <!-- end -->
        <test-method is-config="true" signature="quit()[pri:0, instance:com.qa.hs.tests.LoginTest@75f95314]" started-at="2021-09-26T13:20:58Z" name="quit" finished-at="2021-09-26T13:20:58Z" duration-ms="20" status="PASS">
          <reporter-output>
          </reporter-output>
        </test-method> <!-- quit -->
      </class> <!-- com.qa.hs.tests.LoginTest -->
    </test> <!-- ContractsNotSignedTest -->
  </suite> <!-- TestSuite1 -->
</testng-results>
