<?xml version="1.0" encoding="UTF-8"?>
<testng-results ignored="4" total="6" passed="2" failed="0" skipped="0">
  <reporter-output>
  </reporter-output>
  <suite started-at="2021-09-14T16:56:26Z" name="TestSuite1" finished-at="2021-09-14T16:57:44Z" duration-ms="77741">
    <groups>
    </groups>
    <test started-at="2021-09-14T16:56:26Z" name="LeadsPageEditFormTest" finished-at="2021-09-14T16:57:44Z" duration-ms="77741">
      <class name="com.qa.hs.tests.LoginTest">
        <test-method is-config="true" signature="first()[pri:0, instance:com.qa.hs.tests.LoginTest@53fb3dab]" started-at="2021-09-14T16:56:26Z" name="first" finished-at="2021-09-14T16:56:26Z" duration-ms="10" status="PASS">
          <reporter-output>
          </reporter-output>
        </test-method> <!-- first -->
        <test-method is-config="true" signature="start()[pri:0, instance:com.qa.hs.tests.LoginTest@53fb3dab]" started-at="2021-09-14T16:56:26Z" name="start" finished-at="2021-09-14T16:56:28Z" duration-ms="1205" status="PASS">
          <reporter-output>
          </reporter-output>
        </test-method> <!-- start -->
        <test-method signature="loginTest()[pri:0, instance:com.qa.hs.tests.LoginTest@53fb3dab]" started-at="2021-09-14T16:56:28Z" name="loginTest" finished-at="2021-09-14T16:56:39Z" duration-ms="11307" status="PASS">
          <reporter-output>
          </reporter-output>
        </test-method> <!-- loginTest -->
        <test-method is-config="true" signature="end()[pri:0, instance:com.qa.hs.tests.LoginTest@53fb3dab]" started-at="2021-09-14T16:57:44Z" name="end" finished-at="2021-09-14T16:57:44Z" duration-ms="91" status="PASS">
          <reporter-output>
          </reporter-output>
        </test-method> <!-- end -->
        <test-method is-config="true" signature="quit()[pri:0, instance:com.qa.hs.tests.LoginTest@53fb3dab]" started-at="2021-09-14T16:57:44Z" name="quit" finished-at="2021-09-14T16:57:44Z" duration-ms="257" status="PASS">
          <reporter-output>
          </reporter-output>
        </test-method> <!-- quit -->
      </class> <!-- com.qa.hs.tests.LoginTest -->
      <class name="com.qa.hs.tests.LeadsModuleEditFormTest">
        <test-method signature="leadsTest()[pri:1, instance:com.qa.hs.tests.LeadsModuleEditFormTest@cb0755b]" started-at="2021-09-14T16:56:39Z" name="leadsTest" finished-at="2021-09-14T16:57:44Z" duration-ms="65112" status="PASS">
          <reporter-output>
          </reporter-output>
        </test-method> <!-- leadsTest -->
      </class> <!-- com.qa.hs.tests.LeadsModuleEditFormTest -->
    </test> <!-- LeadsPageEditFormTest -->
  </suite> <!-- TestSuite1 -->
</testng-results>
