<?xml version="1.0" encoding="UTF-8"?>
<testng-results ignored="0" total="1" passed="1" failed="0" skipped="0">
  <reporter-output>
  </reporter-output>
  <suite started-at="2021-09-02T10:13:07Z" name="TestSuite1" finished-at="2021-09-02T10:14:10Z" duration-ms="62483">
    <groups>
    </groups>
    <test started-at="2021-09-02T10:13:07Z" name="LoginPageTest" finished-at="2021-09-02T10:14:10Z" duration-ms="62483">
      <class name="com.qa.hs.tests.LoginTest">
        <test-method is-config="true" signature="first()[pri:0, instance:com.qa.hs.tests.LoginTest@497486b3]" started-at="2021-09-02T10:13:07Z" name="first" finished-at="2021-09-02T10:13:07Z" duration-ms="12" status="PASS">
          <reporter-output>
          </reporter-output>
        </test-method> <!-- first -->
        <test-method is-config="true" signature="start()[pri:0, instance:com.qa.hs.tests.LoginTest@497486b3]" started-at="2021-09-02T10:13:07Z" name="start" finished-at="2021-09-02T10:13:36Z" duration-ms="28829" status="PASS">
          <reporter-output>
          </reporter-output>
        </test-method> <!-- start -->
        <test-method signature="loginTest()[pri:0, instance:com.qa.hs.tests.LoginTest@497486b3]" started-at="2021-09-02T10:13:37Z" name="loginTest" finished-at="2021-09-02T10:14:09Z" duration-ms="31964" status="PASS">
          <reporter-output>
          </reporter-output>
        </test-method> <!-- loginTest -->
        <test-method is-config="true" signature="end()[pri:0, instance:com.qa.hs.tests.LoginTest@497486b3]" started-at="2021-09-02T10:14:09Z" name="end" finished-at="2021-09-02T10:14:10Z" duration-ms="1240" status="PASS">
          <reporter-output>
          </reporter-output>
        </test-method> <!-- end -->
        <test-method is-config="true" signature="quit()[pri:0, instance:com.qa.hs.tests.LoginTest@497486b3]" started-at="2021-09-02T10:14:12Z" name="quit" finished-at="2021-09-02T10:14:12Z" duration-ms="66" status="PASS">
          <reporter-output>
          </reporter-output>
        </test-method> <!-- quit -->
      </class> <!-- com.qa.hs.tests.LoginTest -->
    </test> <!-- LoginPageTest -->
  </suite> <!-- TestSuite1 -->
</testng-results>
