<?xml version="1.0" encoding="UTF-8"?>
<testng-results ignored="4" total="6" passed="2" failed="0" skipped="0">
  <reporter-output>
  </reporter-output>
  <suite started-at="2021-09-05T16:27:30Z" name="TestSuite1" finished-at="2021-09-05T16:29:05Z" duration-ms="95645">
    <groups>
    </groups>
    <test started-at="2021-09-05T16:27:30Z" name="LeadsPageCreateContactTest" finished-at="2021-09-05T16:29:05Z" duration-ms="95645">
      <class name="com.qa.hs.tests.LoginTest">
        <test-method is-config="true" signature="first()[pri:0, instance:com.qa.hs.tests.LoginTest@53fb3dab]" started-at="2021-09-05T16:27:30Z" name="first" finished-at="2021-09-05T16:27:30Z" duration-ms="8" status="PASS">
          <reporter-output>
          </reporter-output>
        </test-method> <!-- first -->
        <test-method is-config="true" signature="start()[pri:0, instance:com.qa.hs.tests.LoginTest@53fb3dab]" started-at="2021-09-05T16:27:30Z" name="start" finished-at="2021-09-05T16:27:31Z" duration-ms="1038" status="PASS">
          <reporter-output>
          </reporter-output>
        </test-method> <!-- start -->
        <test-method signature="loginTest()[pri:0, instance:com.qa.hs.tests.LoginTest@53fb3dab]" started-at="2021-09-05T16:27:31Z" name="loginTest" finished-at="2021-09-05T16:28:12Z" duration-ms="40824" status="PASS">
          <reporter-output>
          </reporter-output>
        </test-method> <!-- loginTest -->
        <test-method is-config="true" signature="end()[pri:0, instance:com.qa.hs.tests.LoginTest@53fb3dab]" started-at="2021-09-05T16:29:01Z" name="end" finished-at="2021-09-05T16:29:05Z" duration-ms="4205" status="PASS">
          <reporter-output>
          </reporter-output>
        </test-method> <!-- end -->
        <test-method is-config="true" signature="quit()[pri:0, instance:com.qa.hs.tests.LoginTest@53fb3dab]" started-at="2021-09-05T16:29:05Z" name="quit" finished-at="2021-09-05T16:29:06Z" duration-ms="128" status="PASS">
          <reporter-output>
          </reporter-output>
        </test-method> <!-- quit -->
      </class> <!-- com.qa.hs.tests.LoginTest -->
      <class name="com.qa.hs.tests.LeadsModuleCreateContactTest">
        <test-method signature="leadsTest()[pri:1, instance:com.qa.hs.tests.LeadsModuleCreateContactTest@cb0755b]" started-at="2021-09-05T16:28:12Z" name="leadsTest" finished-at="2021-09-05T16:29:01Z" duration-ms="49554" status="PASS">
          <reporter-output>
          </reporter-output>
        </test-method> <!-- leadsTest -->
      </class> <!-- com.qa.hs.tests.LeadsModuleCreateContactTest -->
    </test> <!-- LeadsPageCreateContactTest -->
  </suite> <!-- TestSuite1 -->
</testng-results>
