<?xml version="1.0" encoding="UTF-8"?>
<testng-results ignored="0" total="2" passed="2" failed="0" skipped="0">
  <reporter-output>
  </reporter-output>
  <suite started-at="2021-08-30T13:29:47Z" name="TestSuite1" finished-at="2021-08-30T13:30:47Z" duration-ms="60284">
    <groups>
    </groups>
    <test started-at="2021-08-30T13:29:47Z" name="SalesModuleAllocatUnitTest" finished-at="2021-08-30T13:30:47Z" duration-ms="60284">
      <class name="com.qa.hs.tests.SalesModuleAllocatUnitTest">
        <test-method is-config="true" signature="first()[pri:0, instance:com.qa.hs.tests.SalesModuleAllocatUnitTest@1a72a540]" started-at="2021-08-30T13:29:47Z" name="first" finished-at="2021-08-30T13:29:47Z" duration-ms="11" status="PASS">
          <reporter-output>
          </reporter-output>
        </test-method> <!-- first -->
        <test-method is-config="true" signature="start()[pri:0, instance:com.qa.hs.tests.SalesModuleAllocatUnitTest@1a72a540]" started-at="2021-08-30T13:29:47Z" name="start" finished-at="2021-08-30T13:29:52Z" duration-ms="4539" status="PASS">
          <reporter-output>
          </reporter-output>
        </test-method> <!-- start -->
        <test-method signature="loginTest()[pri:0, instance:com.qa.hs.tests.SalesModuleAllocatUnitTest@1a72a540]" started-at="2021-08-30T13:29:52Z" name="loginTest" finished-at="2021-08-30T13:30:13Z" duration-ms="21316" status="PASS">
          <reporter-output>
          </reporter-output>
        </test-method> <!-- loginTest -->
        <test-method signature="salesModuleAllocatUnitTest()[pri:1, instance:com.qa.hs.tests.SalesModuleAllocatUnitTest@1a72a540]" started-at="2021-08-30T13:30:13Z" name="salesModuleAllocatUnitTest" finished-at="2021-08-30T13:30:47Z" duration-ms="33597" status="PASS">
          <reporter-output>
          </reporter-output>
        </test-method> <!-- salesModuleAllocatUnitTest -->
        <test-method is-config="true" signature="end()[pri:0, instance:com.qa.hs.tests.SalesModuleAllocatUnitTest@1a72a540]" started-at="2021-08-30T13:30:47Z" name="end" finished-at="2021-08-30T13:30:47Z" duration-ms="766" status="PASS">
          <reporter-output>
          </reporter-output>
        </test-method> <!-- end -->
        <test-method is-config="true" signature="quit()[pri:0, instance:com.qa.hs.tests.SalesModuleAllocatUnitTest@1a72a540]" started-at="2021-08-30T13:30:47Z" name="quit" finished-at="2021-08-30T13:30:48Z" duration-ms="75" status="PASS">
          <reporter-output>
          </reporter-output>
        </test-method> <!-- quit -->
      </class> <!-- com.qa.hs.tests.SalesModuleAllocatUnitTest -->
    </test> <!-- SalesModuleAllocatUnitTest -->
  </suite> <!-- TestSuite1 -->
</testng-results>
