<?xml version="1.0" encoding="UTF-8"?>
<testng-results ignored="4" total="6" passed="2" failed="0" skipped="0">
  <reporter-output>
  </reporter-output>
  <suite started-at="2021-09-23T07:41:21Z" name="TestSuite1" finished-at="2021-09-23T07:42:43Z" duration-ms="81853">
    <groups>
    </groups>
    <test started-at="2021-09-23T07:41:21Z" name="ContractsNotSignedTest" finished-at="2021-09-23T07:42:43Z" duration-ms="81853">
      <class name="com.qa.hs.tests.ContractsNotSignedTest">
        <test-method signature="contractsNotSignedTest()[pri:1, instance:com.qa.hs.tests.ContractsNotSignedTest@6127a7e]" started-at="2021-09-23T07:41:41Z" name="contractsNotSignedTest" finished-at="2021-09-23T07:42:41Z" duration-ms="60055" status="PASS">
          <reporter-output>
          </reporter-output>
        </test-method> <!-- contractsNotSignedTest -->
      </class> <!-- com.qa.hs.tests.ContractsNotSignedTest -->
      <class name="com.qa.hs.tests.LoginTest">
        <test-method is-config="true" signature="first()[pri:0, instance:com.qa.hs.tests.LoginTest@75f95314]" started-at="2021-09-23T07:41:21Z" name="first" finished-at="2021-09-23T07:41:21Z" duration-ms="13" status="PASS">
          <reporter-output>
          </reporter-output>
        </test-method> <!-- first -->
        <test-method is-config="true" signature="start()[pri:0, instance:com.qa.hs.tests.LoginTest@75f95314]" started-at="2021-09-23T07:41:21Z" name="start" finished-at="2021-09-23T07:41:25Z" duration-ms="4767" status="PASS">
          <reporter-output>
          </reporter-output>
        </test-method> <!-- start -->
        <test-method signature="loginTest()[pri:0, instance:com.qa.hs.tests.LoginTest@75f95314]" started-at="2021-09-23T07:41:26Z" name="loginTest" finished-at="2021-09-23T07:41:41Z" duration-ms="15910" status="PASS">
          <reporter-output>
          </reporter-output>
        </test-method> <!-- loginTest -->
        <test-method is-config="true" signature="end()[pri:0, instance:com.qa.hs.tests.LoginTest@75f95314]" started-at="2021-09-23T07:42:41Z" name="end" finished-at="2021-09-23T07:42:43Z" duration-ms="1067" status="PASS">
          <reporter-output>
          </reporter-output>
        </test-method> <!-- end -->
        <test-method is-config="true" signature="quit()[pri:0, instance:com.qa.hs.tests.LoginTest@75f95314]" started-at="2021-09-23T07:42:43Z" name="quit" finished-at="2021-09-23T07:42:43Z" duration-ms="17" status="PASS">
          <reporter-output>
          </reporter-output>
        </test-method> <!-- quit -->
      </class> <!-- com.qa.hs.tests.LoginTest -->
    </test> <!-- ContractsNotSignedTest -->
  </suite> <!-- TestSuite1 -->
</testng-results>
