<?xml version="1.0" encoding="UTF-8"?>
<testng-results ignored="0" total="1" passed="1" failed="0" skipped="0">
  <reporter-output>
  </reporter-output>
  <suite started-at="2021-08-29T06:08:06Z" name="TestSuite1" finished-at="2021-08-29T06:08:32Z" duration-ms="25733">
    <groups>
    </groups>
    <test started-at="2021-08-29T06:08:06Z" name="LoginPageTest" finished-at="2021-08-29T06:08:32Z" duration-ms="25733">
      <class name="com.qa.hs.tests.LoginTest">
        <test-method is-config="true" signature="start()[pri:0, instance:com.qa.hs.tests.LoginTest@115667d]" started-at="2021-08-29T06:08:06Z" name="start" finished-at="2021-08-29T06:08:10Z" duration-ms="3409" status="PASS">
          <reporter-output>
          </reporter-output>
        </test-method> <!-- start -->
        <test-method signature="loginTest()[pri:0, instance:com.qa.hs.tests.LoginTest@115667d]" started-at="2021-08-29T06:08:10Z" name="loginTest" finished-at="2021-08-29T06:08:31Z" duration-ms="21699" status="PASS">
          <reporter-output>
          </reporter-output>
        </test-method> <!-- loginTest -->
        <test-method is-config="true" signature="end()[pri:0, instance:com.qa.hs.tests.LoginTest@115667d]" started-at="2021-08-29T06:08:31Z" name="end" finished-at="2021-08-29T06:08:32Z" duration-ms="586" status="PASS">
          <reporter-output>
          </reporter-output>
        </test-method> <!-- end -->
        <test-method is-config="true" signature="quit()[pri:0, instance:com.qa.hs.tests.LoginTest@115667d]" started-at="2021-08-29T06:08:32Z" name="quit" finished-at="2021-08-29T06:08:32Z" duration-ms="17" status="PASS">
          <reporter-output>
          </reporter-output>
        </test-method> <!-- quit -->
      </class> <!-- com.qa.hs.tests.LoginTest -->
    </test> <!-- LoginPageTest -->
  </suite> <!-- TestSuite1 -->
</testng-results>
