<?xml version="1.0" encoding="UTF-8"?>
<testng-results ignored="0" total="2" passed="1" failed="1" skipped="0">
  <reporter-output>
  </reporter-output>
  <suite started-at="2021-08-30T13:24:30Z" name="TestSuite1" finished-at="2021-08-30T13:25:28Z" duration-ms="57548">
    <groups>
    </groups>
    <test started-at="2021-08-30T13:24:30Z" name="SalesModuleAllocatUnitTest" finished-at="2021-08-30T13:25:28Z" duration-ms="57548">
      <class name="com.qa.hs.tests.SalesModuleAllocatUnitTest">
        <test-method is-config="true" signature="first()[pri:0, instance:com.qa.hs.tests.SalesModuleAllocatUnitTest@2474f125]" started-at="2021-08-30T13:24:30Z" name="first" finished-at="2021-08-30T13:24:30Z" duration-ms="10" status="PASS">
          <reporter-output>
          </reporter-output>
        </test-method> <!-- first -->
        <test-method is-config="true" signature="start()[pri:0, instance:com.qa.hs.tests.SalesModuleAllocatUnitTest@2474f125]" started-at="2021-08-30T13:24:30Z" name="start" finished-at="2021-08-30T13:24:34Z" duration-ms="3964" status="PASS">
          <reporter-output>
          </reporter-output>
        </test-method> <!-- start -->
        <test-method signature="loginTest()[pri:0, instance:com.qa.hs.tests.SalesModuleAllocatUnitTest@2474f125]" started-at="2021-08-30T13:24:34Z" name="loginTest" finished-at="2021-08-30T13:24:53Z" duration-ms="18466" status="PASS">
          <reporter-output>
          </reporter-output>
        </test-method> <!-- loginTest -->
        <test-method signature="salesModuleAllocatUnitTest()[pri:1, instance:com.qa.hs.tests.SalesModuleAllocatUnitTest@2474f125]" started-at="2021-08-30T13:24:53Z" name="salesModuleAllocatUnitTest" finished-at="2021-08-30T13:25:27Z" duration-ms="33624" status="FAIL">
          <exception class="org.openqa.selenium.ElementClickInterceptedException">
            <message>
              <![CDATA[element click intercepted: Element <span class="mat-checkbox-inner-container">...</span> is not clickable at point (1111, 618). Other element would receive the click: <div class="cdk-overlay-backdrop cdk-overlay-dark-backdrop cdk-overlay-backdrop-showing"></div>
  (Session info: chrome=91.0.4472.77)
Build info: version: '3.141.59', revision: 'e82be7d358', time: '2018-11-14T08:17:03'
System info: host: 'Unknown', ip: 'Unknown', os.name: 'Linux', os.arch: 'amd64', os.version: '4.6.4-040604-generic', java.version: '14.0.2'
Driver info: org.openqa.selenium.chrome.ChromeDriver
Capabilities {acceptInsecureCerts: false, browserName: chrome, browserVersion: 91.0.4472.77, chrome: {chromedriverVersion: 91.0.4472.101 (af52a90bf870..., userDataDir: /tmp/.com.google.Chrome.nFpde9}, goog:chromeOptions: {debuggerAddress: localhost:39257}, javascriptEnabled: true, networkConnectionEnabled: false, pageLoadStrategy: normal, platform: LINUX, platformName: LINUX, proxy: Proxy(), setWindowRect: true, strictFileInteractability: false, timeouts: {implicit: 0, pageLoad: 300000, script: 30000}, unhandledPromptBehavior: dismiss and notify, webauthn:extension:largeBlob: true, webauthn:virtualAuthenticators: true}
Session ID: fad554d024e2264efbcb25f7a3629cf1]]>
            </message>
            <full-stacktrace>
              <![CDATA[org.openqa.selenium.ElementClickInterceptedException: element click intercepted: Element <span class="mat-checkbox-inner-container">...</span> is not clickable at point (1111, 618). Other element would receive the click: <div class="cdk-overlay-backdrop cdk-overlay-dark-backdrop cdk-overlay-backdrop-showing"></div>
  (Session info: chrome=91.0.4472.77)
Build info: version: '3.141.59', revision: 'e82be7d358', time: '2018-11-14T08:17:03'
System info: host: 'Unknown', ip: 'Unknown', os.name: 'Linux', os.arch: 'amd64', os.version: '4.6.4-040604-generic', java.version: '14.0.2'
Driver info: org.openqa.selenium.chrome.ChromeDriver
Capabilities {acceptInsecureCerts: false, browserName: chrome, browserVersion: 91.0.4472.77, chrome: {chromedriverVersion: 91.0.4472.101 (af52a90bf870..., userDataDir: /tmp/.com.google.Chrome.nFpde9}, goog:chromeOptions: {debuggerAddress: localhost:39257}, javascriptEnabled: true, networkConnectionEnabled: false, pageLoadStrategy: normal, platform: LINUX, platformName: LINUX, proxy: Proxy(), setWindowRect: true, strictFileInteractability: false, timeouts: {implicit: 0, pageLoad: 300000, script: 30000}, unhandledPromptBehavior: dismiss and notify, webauthn:extension:largeBlob: true, webauthn:virtualAuthenticators: true}
Session ID: fad554d024e2264efbcb25f7a3629cf1
at java.base/jdk.internal.reflect.NativeConstructorAccessorImpl.newInstance0(Native Method)
at java.base/jdk.internal.reflect.NativeConstructorAccessorImpl.newInstance(NativeConstructorAccessorImpl.java:62)
at java.base/jdk.internal.reflect.DelegatingConstructorAccessorImpl.newInstance(DelegatingConstructorAccessorImpl.java:45)
at java.base/java.lang.reflect.Constructor.newInstanceWithCaller(Constructor.java:500)
at java.base/java.lang.reflect.Constructor.newInstance(Constructor.java:481)
at org.openqa.selenium.remote.http.W3CHttpResponseCodec.createException(W3CHttpResponseCodec.java:187)
at org.openqa.selenium.remote.http.W3CHttpResponseCodec.decode(W3CHttpResponseCodec.java:122)
at org.openqa.selenium.remote.http.W3CHttpResponseCodec.decode(W3CHttpResponseCodec.java:49)
at org.openqa.selenium.remote.HttpCommandExecutor.execute(HttpCommandExecutor.java:158)
at org.openqa.selenium.remote.service.DriverCommandExecutor.execute(DriverCommandExecutor.java:83)
at org.openqa.selenium.remote.RemoteWebDriver.execute(RemoteWebDriver.java:552)
at org.openqa.selenium.remote.RemoteWebElement.execute(RemoteWebElement.java:285)
at org.openqa.selenium.remote.RemoteWebElement.click(RemoteWebElement.java:84)
at com.qa.hs.keyword.engine.KeyWordEngine.startExecution(KeyWordEngine.java:183)
at com.qa.hs.tests.SalesModuleAllocatUnitTest.salesModuleAllocatUnitTest(SalesModuleAllocatUnitTest.java:9)
at java.base/jdk.internal.reflect.NativeMethodAccessorImpl.invoke0(Native Method)
at java.base/jdk.internal.reflect.NativeMethodAccessorImpl.invoke(NativeMethodAccessorImpl.java:62)
at java.base/jdk.internal.reflect.DelegatingMethodAccessorImpl.invoke(DelegatingMethodAccessorImpl.java:43)
at java.base/java.lang.reflect.Method.invoke(Method.java:564)
at org.testng.internal.MethodInvocationHelper.invokeMethod(MethodInvocationHelper.java:124)
at org.testng.internal.Invoker.invokeMethod(Invoker.java:583)
at org.testng.internal.Invoker.invokeTestMethod(Invoker.java:719)
at org.testng.internal.Invoker.invokeTestMethods(Invoker.java:989)
at org.testng.internal.TestMethodWorker.invokeTestMethods(TestMethodWorker.java:125)
at org.testng.internal.TestMethodWorker.run(TestMethodWorker.java:109)
at org.testng.TestRunner.privateRun(TestRunner.java:648)
at org.testng.TestRunner.run(TestRunner.java:505)
at org.testng.SuiteRunner.runTest(SuiteRunner.java:455)
at org.testng.SuiteRunner.runSequentially(SuiteRunner.java:450)
at org.testng.SuiteRunner.privateRun(SuiteRunner.java:415)
at org.testng.SuiteRunner.run(SuiteRunner.java:364)
at org.testng.SuiteRunnerWorker.runSuite(SuiteRunnerWorker.java:52)
at org.testng.SuiteRunnerWorker.run(SuiteRunnerWorker.java:84)
at org.testng.TestNG.runSuitesSequentially(TestNG.java:1208)
at org.testng.TestNG.runSuitesLocally(TestNG.java:1137)
at org.testng.TestNG.runSuites(TestNG.java:1049)
at org.testng.TestNG.run(TestNG.java:1017)
at org.testng.remote.AbstractRemoteTestNG.run(AbstractRemoteTestNG.java:115)
at org.testng.remote.RemoteTestNG.initAndRun(RemoteTestNG.java:251)
at org.testng.remote.RemoteTestNG.main(RemoteTestNG.java:77)
]]>
            </full-stacktrace>
          </exception> <!-- org.openqa.selenium.ElementClickInterceptedException -->
          <reporter-output>
          </reporter-output>
        </test-method> <!-- salesModuleAllocatUnitTest -->
        <test-method is-config="true" signature="end()[pri:0, instance:com.qa.hs.tests.SalesModuleAllocatUnitTest@2474f125]" started-at="2021-08-30T13:25:27Z" name="end" finished-at="2021-08-30T13:25:28Z" duration-ms="1379" status="PASS">
          <reporter-output>
          </reporter-output>
        </test-method> <!-- end -->
        <test-method is-config="true" signature="quit()[pri:0, instance:com.qa.hs.tests.SalesModuleAllocatUnitTest@2474f125]" started-at="2021-08-30T13:25:28Z" name="quit" finished-at="2021-08-30T13:25:28Z" duration-ms="21" status="PASS">
          <reporter-output>
          </reporter-output>
        </test-method> <!-- quit -->
      </class> <!-- com.qa.hs.tests.SalesModuleAllocatUnitTest -->
    </test> <!-- SalesModuleAllocatUnitTest -->
  </suite> <!-- TestSuite1 -->
</testng-results>
