<?xml version="1.0" encoding="UTF-8"?>
<testng-results ignored="0" total="1" passed="1" failed="0" skipped="0">
  <reporter-output>
  </reporter-output>
  <suite started-at="2021-09-02T13:06:15Z" name="TestSuite1" finished-at="2021-09-02T13:06:29Z" duration-ms="13800">
    <groups>
    </groups>
    <test started-at="2021-09-02T13:06:15Z" name="LoginPageTest" finished-at="2021-09-02T13:06:29Z" duration-ms="13800">
      <class name="com.qa.hs.tests.LoginTest">
        <test-method is-config="true" signature="first()[pri:0, instance:com.qa.hs.tests.LoginTest@548d708a]" started-at="2021-09-02T13:06:15Z" name="first" finished-at="2021-09-02T13:06:15Z" duration-ms="9" status="PASS">
          <reporter-output>
          </reporter-output>
        </test-method> <!-- first -->
        <test-method is-config="true" signature="start()[pri:0, instance:com.qa.hs.tests.LoginTest@548d708a]" started-at="2021-09-02T13:06:15Z" name="start" finished-at="2021-09-02T13:06:16Z" duration-ms="1071" status="PASS">
          <reporter-output>
          </reporter-output>
        </test-method> <!-- start -->
        <test-method signature="loginTest()[pri:0, instance:com.qa.hs.tests.LoginTest@548d708a]" started-at="2021-09-02T13:06:16Z" name="loginTest" finished-at="2021-09-02T13:06:29Z" duration-ms="12611" status="PASS">
          <reporter-output>
          </reporter-output>
        </test-method> <!-- loginTest -->
        <test-method is-config="true" signature="end()[pri:0, instance:com.qa.hs.tests.LoginTest@548d708a]" started-at="2021-09-02T13:06:29Z" name="end" finished-at="2021-09-02T13:06:29Z" duration-ms="98" status="PASS">
          <reporter-output>
          </reporter-output>
        </test-method> <!-- end -->
        <test-method is-config="true" signature="quit()[pri:0, instance:com.qa.hs.tests.LoginTest@548d708a]" started-at="2021-09-02T13:06:29Z" name="quit" finished-at="2021-09-02T13:06:29Z" duration-ms="57" status="PASS">
          <reporter-output>
          </reporter-output>
        </test-method> <!-- quit -->
      </class> <!-- com.qa.hs.tests.LoginTest -->
    </test> <!-- LoginPageTest -->
  </suite> <!-- TestSuite1 -->
</testng-results>
