<?xml version="1.0" encoding="UTF-8"?>
<testng-results ignored="0" total="3" passed="3" failed="0" skipped="0">
  <reporter-output>
  </reporter-output>
  <suite started-at="2021-08-25T07:43:36Z" name="TestSuite1" finished-at="2021-08-25T07:45:36Z" duration-ms="120329">
    <groups>
    </groups>
    <test started-at="2021-08-25T07:43:36Z" name="LoginPageTests" finished-at="2021-08-25T07:43:56Z" duration-ms="20363">
      <class name="com.qa.hs.tests.LoginTest">
        <test-method is-config="true" signature="start()[pri:0, instance:com.qa.hs.tests.LoginTest@4b013c76]" started-at="2021-08-25T07:43:36Z" name="start" finished-at="2021-08-25T07:43:37Z" duration-ms="1004" status="PASS">
          <reporter-output>
          </reporter-output>
        </test-method> <!-- start -->
        <test-method signature="loginTest()[pri:0, instance:com.qa.hs.tests.LoginTest@4b013c76]" started-at="2021-08-25T07:43:37Z" name="loginTest" finished-at="2021-08-25T07:43:56Z" duration-ms="19242" status="PASS">
          <reporter-output>
          </reporter-output>
        </test-method> <!-- loginTest -->
        <test-method is-config="true" signature="end()[pri:0, instance:com.qa.hs.tests.LoginTest@4b013c76]" started-at="2021-08-25T07:43:56Z" name="end" finished-at="2021-08-25T07:43:56Z" duration-ms="99" status="PASS">
          <reporter-output>
          </reporter-output>
        </test-method> <!-- end -->
      </class> <!-- com.qa.hs.tests.LoginTest -->
    </test> <!-- LoginPageTests -->
    <test started-at="2021-08-25T07:43:56Z" name="LeadsPageTests" finished-at="2021-08-25T07:45:36Z" duration-ms="99926">
      <class name="com.qa.hs.tests.LeadsModuleTest">
        <test-method is-config="true" signature="start()[pri:0, instance:com.qa.hs.tests.LeadsModuleTest@4681c175]" started-at="2021-08-25T07:43:56Z" name="start" finished-at="2021-08-25T07:43:57Z" duration-ms="837" status="PASS">
          <reporter-output>
          </reporter-output>
        </test-method> <!-- start -->
        <test-method signature="loginTest()[pri:0, instance:com.qa.hs.tests.LeadsModuleTest@4681c175]" started-at="2021-08-25T07:43:57Z" name="loginTest" finished-at="2021-08-25T07:44:17Z" duration-ms="20176" status="PASS">
          <reporter-output>
          </reporter-output>
        </test-method> <!-- loginTest -->
        <test-method signature="leadsTest()[pri:1, instance:com.qa.hs.tests.LeadsModuleTest@4681c175]" started-at="2021-08-25T07:44:17Z" name="leadsTest" finished-at="2021-08-25T07:45:36Z" duration-ms="78743" status="PASS">
          <reporter-output>
          </reporter-output>
        </test-method> <!-- leadsTest -->
        <test-method is-config="true" signature="end()[pri:0, instance:com.qa.hs.tests.LeadsModuleTest@4681c175]" started-at="2021-08-25T07:45:36Z" name="end" finished-at="2021-08-25T07:45:36Z" duration-ms="167" status="PASS">
          <reporter-output>
          </reporter-output>
        </test-method> <!-- end -->
        <test-method is-config="true" signature="quit()[pri:0, instance:com.qa.hs.tests.LeadsModuleTest@4681c175]" started-at="2021-08-25T07:45:36Z" name="quit" finished-at="2021-08-25T07:45:36Z" duration-ms="173" status="PASS">
          <reporter-output>
          </reporter-output>
        </test-method> <!-- quit -->
      </class> <!-- com.qa.hs.tests.LeadsModuleTest -->
    </test> <!-- LeadsPageTests -->
  </suite> <!-- TestSuite1 -->
</testng-results>
