<?xml version="1.0" encoding="UTF-8"?>
<testng-results ignored="0" total="3" passed="3" failed="0" skipped="0">
  <reporter-output>
  </reporter-output>
  <suite started-at="2021-08-25T07:17:58Z" name="TestSuite1" finished-at="2021-08-25T07:20:43Z" duration-ms="165449">
    <groups>
    </groups>
    <test started-at="2021-08-25T07:17:58Z" name="LoginPageTests" finished-at="2021-08-25T07:18:36Z" duration-ms="38628">
      <class name="com.qa.hs.tests.LoginTest">
        <test-method is-config="true" signature="start()[pri:0, instance:com.qa.hs.tests.LoginTest@4e31276e]" started-at="2021-08-25T07:17:58Z" name="start" finished-at="2021-08-25T07:18:04Z" duration-ms="6415" status="PASS">
          <reporter-output>
          </reporter-output>
        </test-method> <!-- start -->
        <test-method signature="loginTest()[pri:0, instance:com.qa.hs.tests.LoginTest@4e31276e]" started-at="2021-08-25T07:18:04Z" name="loginTest" finished-at="2021-08-25T07:18:36Z" duration-ms="31459" status="PASS">
          <reporter-output>
          </reporter-output>
        </test-method> <!-- loginTest -->
        <test-method is-config="true" signature="end()[pri:0, instance:com.qa.hs.tests.LoginTest@4e31276e]" started-at="2021-08-25T07:18:36Z" name="end" finished-at="2021-08-25T07:18:36Z" duration-ms="691" status="PASS">
          <reporter-output>
          </reporter-output>
        </test-method> <!-- end -->
      </class> <!-- com.qa.hs.tests.LoginTest -->
    </test> <!-- LoginPageTests -->
    <test started-at="2021-08-25T07:18:37Z" name="LeadsPageTests" finished-at="2021-08-25T07:20:43Z" duration-ms="126681">
      <class name="com.qa.hs.tests.LeadsModuleTest">
        <test-method is-config="true" signature="start()[pri:0, instance:com.qa.hs.tests.LeadsModuleTest@6ee4d9ab]" started-at="2021-08-25T07:18:37Z" name="start" finished-at="2021-08-25T07:18:42Z" duration-ms="5004" status="PASS">
          <reporter-output>
          </reporter-output>
        </test-method> <!-- start -->
        <test-method signature="loginTest()[pri:0, instance:com.qa.hs.tests.LeadsModuleTest@6ee4d9ab]" started-at="2021-08-25T07:18:42Z" name="loginTest" finished-at="2021-08-25T07:19:05Z" duration-ms="23813" status="PASS">
          <reporter-output>
          </reporter-output>
        </test-method> <!-- loginTest -->
        <test-method signature="leadsTest()[pri:1, instance:com.qa.hs.tests.LeadsModuleTest@6ee4d9ab]" started-at="2021-08-25T07:19:05Z" name="leadsTest" finished-at="2021-08-25T07:20:42Z" duration-ms="96988" status="PASS">
          <reporter-output>
          </reporter-output>
        </test-method> <!-- leadsTest -->
        <test-method is-config="true" signature="end()[pri:0, instance:com.qa.hs.tests.LeadsModuleTest@6ee4d9ab]" started-at="2021-08-25T07:20:42Z" name="end" finished-at="2021-08-25T07:20:43Z" duration-ms="855" status="PASS">
          <reporter-output>
          </reporter-output>
        </test-method> <!-- end -->
        <test-method is-config="true" signature="quit()[pri:0, instance:com.qa.hs.tests.LeadsModuleTest@6ee4d9ab]" started-at="2021-08-25T07:20:43Z" name="quit" finished-at="2021-08-25T07:20:44Z" duration-ms="723" status="PASS">
          <reporter-output>
          </reporter-output>
        </test-method> <!-- quit -->
      </class> <!-- com.qa.hs.tests.LeadsModuleTest -->
    </test> <!-- LeadsPageTests -->
  </suite> <!-- TestSuite1 -->
</testng-results>
