<?xml version="1.0" encoding="UTF-8"?>
<testng-results ignored="0" total="3" passed="3" failed="0" skipped="0">
  <reporter-output>
  </reporter-output>
  <suite started-at="2021-08-31T14:22:45Z" name="TestSuite1" finished-at="2021-08-31T14:23:43Z" duration-ms="58343">
    <groups>
    </groups>
    <test started-at="2021-08-31T14:22:45Z" name="LoginPageTest" finished-at="2021-08-31T14:23:02Z" duration-ms="16509">
      <class name="com.qa.hs.tests.LoginTest">
        <test-method is-config="true" signature="start()[pri:0, instance:com.qa.hs.tests.LoginTest@4be29ed9]" started-at="2021-08-31T14:22:45Z" name="start" finished-at="2021-08-31T14:22:46Z" duration-ms="1056" status="PASS">
          <reporter-output>
          </reporter-output>
        </test-method> <!-- start -->
        <test-method signature="loginTest()[pri:0, instance:com.qa.hs.tests.LoginTest@4be29ed9]" started-at="2021-08-31T14:22:46Z" name="loginTest" finished-at="2021-08-31T14:23:02Z" duration-ms="15337" status="PASS">
          <reporter-output>
          </reporter-output>
        </test-method> <!-- loginTest -->
        <test-method is-config="true" signature="end()[pri:0, instance:com.qa.hs.tests.LoginTest@4be29ed9]" started-at="2021-08-31T14:23:02Z" name="end" finished-at="2021-08-31T14:23:02Z" duration-ms="103" status="PASS">
          <reporter-output>
          </reporter-output>
        </test-method> <!-- end -->
      </class> <!-- com.qa.hs.tests.LoginTest -->
    </test> <!-- LoginPageTest -->
    <test started-at="2021-08-31T14:23:02Z" name="LeadsPageCreateContactTest" finished-at="2021-08-31T14:23:43Z" duration-ms="41799">
      <class name="com.qa.hs.tests.LeadsModuleCreateContactTest">
        <test-method is-config="true" signature="first()[pri:0, instance:com.qa.hs.tests.LeadsModuleCreateContactTest@48bb62]" started-at="2021-08-31T14:22:45Z" name="first" finished-at="2021-08-31T14:22:45Z" duration-ms="8" status="PASS">
          <reporter-output>
          </reporter-output>
        </test-method> <!-- first -->
        <test-method is-config="true" signature="start()[pri:0, instance:com.qa.hs.tests.LeadsModuleCreateContactTest@48bb62]" started-at="2021-08-31T14:23:02Z" name="start" finished-at="2021-08-31T14:23:03Z" duration-ms="800" status="PASS">
          <reporter-output>
          </reporter-output>
        </test-method> <!-- start -->
        <test-method signature="loginTest()[pri:0, instance:com.qa.hs.tests.LeadsModuleCreateContactTest@48bb62]" started-at="2021-08-31T14:23:03Z" name="loginTest" finished-at="2021-08-31T14:23:16Z" duration-ms="13670" status="PASS">
          <reporter-output>
          </reporter-output>
        </test-method> <!-- loginTest -->
        <test-method signature="leadsTest()[pri:1, instance:com.qa.hs.tests.LeadsModuleCreateContactTest@48bb62]" started-at="2021-08-31T14:23:16Z" name="leadsTest" finished-at="2021-08-31T14:23:39Z" duration-ms="23111" status="PASS">
          <reporter-output>
          </reporter-output>
        </test-method> <!-- leadsTest -->
        <test-method is-config="true" signature="end()[pri:0, instance:com.qa.hs.tests.LeadsModuleCreateContactTest@48bb62]" started-at="2021-08-31T14:23:39Z" name="end" finished-at="2021-08-31T14:23:43Z" duration-ms="4211" status="PASS">
          <reporter-output>
          </reporter-output>
        </test-method> <!-- end -->
        <test-method is-config="true" signature="quit()[pri:0, instance:com.qa.hs.tests.LeadsModuleCreateContactTest@48bb62]" started-at="2021-08-31T14:23:44Z" name="quit" finished-at="2021-08-31T14:23:44Z" duration-ms="124" status="PASS">
          <reporter-output>
          </reporter-output>
        </test-method> <!-- quit -->
      </class> <!-- com.qa.hs.tests.LeadsModuleCreateContactTest -->
    </test> <!-- LeadsPageCreateContactTest -->
  </suite> <!-- TestSuite1 -->
</testng-results>
