<?xml version="1.0" encoding="UTF-8"?>
<testng-results ignored="4" total="6" passed="2" failed="0" skipped="0">
  <reporter-output>
  </reporter-output>
  <suite started-at="2021-09-13T15:13:29Z" name="TestSuite1" finished-at="2021-09-13T15:14:29Z" duration-ms="59811">
    <groups>
    </groups>
    <test started-at="2021-09-13T15:13:29Z" name="LeadsPageEditFormTest" finished-at="2021-09-13T15:14:29Z" duration-ms="59811">
      <class name="com.qa.hs.tests.LoginTest">
        <test-method is-config="true" signature="first()[pri:0, instance:com.qa.hs.tests.LoginTest@53fb3dab]" started-at="2021-09-13T15:13:29Z" name="first" finished-at="2021-09-13T15:13:29Z" duration-ms="7" status="PASS">
          <reporter-output>
          </reporter-output>
        </test-method> <!-- first -->
        <test-method is-config="true" signature="start()[pri:0, instance:com.qa.hs.tests.LoginTest@53fb3dab]" started-at="2021-09-13T15:13:29Z" name="start" finished-at="2021-09-13T15:13:30Z" duration-ms="1090" status="PASS">
          <reporter-output>
          </reporter-output>
        </test-method> <!-- start -->
        <test-method signature="loginTest()[pri:0, instance:com.qa.hs.tests.LoginTest@53fb3dab]" started-at="2021-09-13T15:13:30Z" name="loginTest" finished-at="2021-09-13T15:13:41Z" duration-ms="10586" status="PASS">
          <reporter-output>
          </reporter-output>
        </test-method> <!-- loginTest -->
        <test-method is-config="true" signature="end()[pri:0, instance:com.qa.hs.tests.LoginTest@53fb3dab]" started-at="2021-09-13T15:14:29Z" name="end" finished-at="2021-09-13T15:14:29Z" duration-ms="93" status="PASS">
          <reporter-output>
          </reporter-output>
        </test-method> <!-- end -->
        <test-method is-config="true" signature="quit()[pri:0, instance:com.qa.hs.tests.LoginTest@53fb3dab]" started-at="2021-09-13T15:14:29Z" name="quit" finished-at="2021-09-13T15:14:29Z" duration-ms="223" status="PASS">
          <reporter-output>
          </reporter-output>
        </test-method> <!-- quit -->
      </class> <!-- com.qa.hs.tests.LoginTest -->
      <class name="com.qa.hs.tests.LeadsModuleEditFormTest">
        <test-method signature="leadsTest()[pri:1, instance:com.qa.hs.tests.LeadsModuleEditFormTest@cb0755b]" started-at="2021-09-13T15:13:41Z" name="leadsTest" finished-at="2021-09-13T15:14:29Z" duration-ms="48019" status="PASS">
          <reporter-output>
          </reporter-output>
        </test-method> <!-- leadsTest -->
      </class> <!-- com.qa.hs.tests.LeadsModuleEditFormTest -->
    </test> <!-- LeadsPageEditFormTest -->
  </suite> <!-- TestSuite1 -->
</testng-results>
