<?xml version="1.0" encoding="UTF-8"?>
<!-- Generated by org.testng.reporters.JUnitXMLReporter -->
<testsuite ignored="1" failures="1" tests="1" name="LeadsPageCreateContactTest(failed)" time="7.542" errors="0" timestamp="30 Aug 2021 17:19:20 GMT">
  <testcase classname="com.qa.hs.tests.LeadsModuleCreateContactTest" name="leadsTest" time="0.012">
    <failure type="java.lang.NullPointerException" message="Cannot invoke &amp;quot;com.qa.hs.keyword.engine.KeyWordEngine.startExecution(String)&amp;quot; because &amp;quot;this.keyWordEngine&amp;quot; is null">
      <![CDATA[java.lang.NullPointerException: Cannot invoke "com.qa.hs.keyword.engine.KeyWordEngine.startExecution(String)" because "this.keyWordEngine" is null
at com.qa.hs.tests.LeadsModuleCreateContactTest.leadsTest(LeadsModuleCreateContactTest.java:9)
... Removed 25 stack frames]]>
    </failure>
  </testcase> <!-- leadsTest -->
  <testcase classname="com.qa.hs.tests.LoginTest" name="loginTest" time="0.0">
    <ignored/>
  </testcase> <!-- loginTest -->
</testsuite> <!-- LeadsPageCreateContactTest(failed) -->
